This is pdfTeX, Version 3.141592653-2.6-1.40.22 (TeX Live 2021/W32TeX) (preloaded format=pdflatex 2021.6.3)  5 JUN 2021 15:11
entering extended mode
 restricted \write18 enabled.
 %&-line parsing enabled.
**QP2_Front_Page.tex
(./QP2_Front_Page.tex
LaTeX2e <2021-06-01>
L3 programming layer <2021-06-01> (c:/Users/nilsk/AppData/Roaming/TinyTeX/texmf
-dist/tex/latex/base/article.cls
Document Class: article 2021/02/12 v1.4n Standard LaTeX document class
(c:/Users/nilsk/AppData/Roaming/TinyTeX/texmf-dist/tex/latex/base/size11.clo
File: size11.clo 2021/02/12 v1.4n Standard LaTeX file (size option)
)
\c@part=\count182
\c@section=\count183
\c@subsection=\count184
\c@subsubsection=\count185
\c@paragraph=\count186
\c@subparagraph=\count187
\c@figure=\count188
\c@table=\count189
\abovecaptionskip=\skip47
\belowcaptionskip=\skip48
\bibindent=\dimen138
)
(c:/Users/nilsk/AppData/Roaming/TinyTeX/texmf-dist/tex/latex/amsmath/amsmath.st
y
Package: amsmath 2021/04/20 v2.17j AMS math features
\@mathmargin=\skip49
For additional information on amsmath, use the `?' option.

(c:/Users/nilsk/AppData/Roaming/TinyTeX/texmf-dist/tex/latex/amsmath/amstext.st
y
Package: amstext 2000/06/29 v2.01 AMS text

(c:/Users/nilsk/AppData/Roaming/TinyTeX/texmf-dist/tex/latex/amsmath/amsgen.sty
File: amsgen.sty 1999/11/30 v2.0 generic functions
\@emptytoks=\toks16
\ex@=\dimen139
))
(c:/Users/nilsk/AppData/Roaming/TinyTeX/texmf-dist/tex/latex/amsmath/amsbsy.sty
Package: amsbsy 1999/11/29 v1.2d Bold Symbols
\pmbraise@=\dimen140
)
(c:/Users/nilsk/AppData/Roaming/TinyTeX/texmf-dist/tex/latex/amsmath/amsopn.sty
Package: amsopn 2016/03/08 v2.02 operator names
)
\inf@bad=\count190
LaTeX Info: Redefining \frac on input line 234.
\uproot@=\count191
\leftroot@=\count192
LaTeX Info: Redefining \overline on input line 399.
\classnum@=\count193
\DOTSCASE@=\count194
LaTeX Info: Redefining \ldots on input line 496.
LaTeX Info: Redefining \dots on input line 499.
LaTeX Info: Redefining \cdots on input line 620.
\Mathstrutbox@=\box50
\strutbox@=\box51
\big@size=\dimen141
LaTeX Font Info:    Redeclaring font encoding OML on input line 743.
LaTeX Font Info:    Redeclaring font encoding OMS on input line 744.
\macc@depth=\count195
\c@MaxMatrixCols=\count196
\dotsspace@=\muskip16
\c@parentequation=\count197
\dspbrk@lvl=\count198
\tag@help=\toks17
\row@=\count199
\column@=\count266
\maxfields@=\count267
\andhelp@=\toks18
\eqnshift@=\dimen142
\alignsep@=\dimen143
\tagshift@=\dimen144
\tagwidth@=\dimen145
\totwidth@=\dimen146
\lineht@=\dimen147
\@envbody=\toks19
\multlinegap=\skip50
\multlinetaggap=\skip51
\mathdisplay@stack=\toks20
LaTeX Info: Redefining \[ on input line 2923.
LaTeX Info: Redefining \] on input line 2924.
)
(c:/Users/nilsk/AppData/Roaming/TinyTeX/texmf-dist/tex/latex/amsfonts/amssymb.s
ty
Package: amssymb 2013/01/14 v3.01 AMS font symbols

(c:/Users/nilsk/AppData/Roaming/TinyTeX/texmf-dist/tex/latex/amsfonts/amsfonts.
sty
Package: amsfonts 2013/01/14 v3.01 Basic AMSFonts support
\symAMSa=\mathgroup4
\symAMSb=\mathgroup5
LaTeX Font Info:    Redeclaring math symbol \hbar on input line 98.
LaTeX Font Info:    Overwriting math alphabet `\mathfrak' in version `bold'
(Font)                  U/euf/m/n --> U/euf/b/n on input line 106.
)) (c:/Users/nilsk/AppData/Roaming/TinyTeX/texmf-dist/tex/latex/lm/lmodern.sty
Package: lmodern 2015/05/01 v1.6.1 Latin Modern Fonts
LaTeX Font Info:    Overwriting symbol font `operators' in version `normal'
(Font)                  OT1/cmr/m/n --> OT1/lmr/m/n on input line 22.
LaTeX Font Info:    Overwriting symbol font `letters' in version `normal'
(Font)                  OML/cmm/m/it --> OML/lmm/m/it on input line 23.
LaTeX Font Info:    Overwriting symbol font `symbols' in version `normal'
(Font)                  OMS/cmsy/m/n --> OMS/lmsy/m/n on input line 24.
LaTeX Font Info:    Overwriting symbol font `largesymbols' in version `normal'
(Font)                  OMX/cmex/m/n --> OMX/lmex/m/n on input line 25.
LaTeX Font Info:    Overwriting symbol font `operators' in version `bold'
(Font)                  OT1/cmr/bx/n --> OT1/lmr/bx/n on input line 26.
LaTeX Font Info:    Overwriting symbol font `letters' in version `bold'
(Font)                  OML/cmm/b/it --> OML/lmm/b/it on input line 27.
LaTeX Font Info:    Overwriting symbol font `symbols' in version `bold'
(Font)                  OMS/cmsy/b/n --> OMS/lmsy/b/n on input line 28.
LaTeX Font Info:    Overwriting symbol font `largesymbols' in version `bold'
(Font)                  OMX/cmex/m/n --> OMX/lmex/m/n on input line 29.
LaTeX Font Info:    Overwriting math alphabet `\mathbf' in version `normal'
(Font)                  OT1/cmr/bx/n --> OT1/lmr/bx/n on input line 31.
LaTeX Font Info:    Overwriting math alphabet `\mathsf' in version `normal'
(Font)                  OT1/cmss/m/n --> OT1/lmss/m/n on input line 32.
LaTeX Font Info:    Overwriting math alphabet `\mathit' in version `normal'
(Font)                  OT1/cmr/m/it --> OT1/lmr/m/it on input line 33.
LaTeX Font Info:    Overwriting math alphabet `\mathtt' in version `normal'
(Font)                  OT1/cmtt/m/n --> OT1/lmtt/m/n on input line 34.
LaTeX Font Info:    Overwriting math alphabet `\mathbf' in version `bold'
(Font)                  OT1/cmr/bx/n --> OT1/lmr/bx/n on input line 35.
LaTeX Font Info:    Overwriting math alphabet `\mathsf' in version `bold'
(Font)                  OT1/cmss/bx/n --> OT1/lmss/bx/n on input line 36.
LaTeX Font Info:    Overwriting math alphabet `\mathit' in version `bold'
(Font)                  OT1/cmr/bx/it --> OT1/lmr/bx/it on input line 37.
LaTeX Font Info:    Overwriting math alphabet `\mathtt' in version `bold'
(Font)                  OT1/cmtt/m/n --> OT1/lmtt/m/n on input line 38.
) (c:/Users/nilsk/AppData/Roaming/TinyTeX/texmf-dist/tex/generic/iftex/iftex.st
y
Package: iftex 2020/03/06 v1.0d TeX engine tests
) (c:/Users/nilsk/AppData/Roaming/TinyTeX/texmf-dist/tex/latex/base/fontenc.sty
Package: fontenc 2021/04/29 v2.0v Standard LaTeX package
LaTeX Font Info:    Trying to load font information for T1+lmr on input line 11
2.
(c:/Users/nilsk/AppData/Roaming/TinyTeX/texmf-dist/tex/latex/lm/t1lmr.fd
File: t1lmr.fd 2015/05/01 v1.6.1 Font defs for Latin Modern
)) (c:/Users/nilsk/AppData/Roaming/TinyTeX/texmf-dist/tex/latex/base/inputenc.s
ty
Package: inputenc 2021/02/14 v1.3d Input encoding file
\inpenc@prehook=\toks21
\inpenc@posthook=\toks22
) (c:/Users/nilsk/AppData/Roaming/TinyTeX/texmf-dist/tex/latex/base/textcomp.st
y
Package: textcomp 2020/02/02 v2.0n Standard LaTeX package
) (c:/Users/nilsk/AppData/Roaming/TinyTeX/texmf-dist/tex/latex/xcolor/xcolor.st
y
Package: xcolor 2016/05/11 v2.12 LaTeX color extensions (UK)

(c:/Users/nilsk/AppData/Roaming/TinyTeX/texmf-dist/tex/latex/graphics-cfg/color
.cfg
File: color.cfg 2016/01/02 v1.6 sample color configuration
)
Package xcolor Info: Driver file: pdftex.def on input line 225.

(c:/Users/nilsk/AppData/Roaming/TinyTeX/texmf-dist/tex/latex/graphics-def/pdfte
x.def
File: pdftex.def 2020/10/05 v1.2a Graphics/color driver for pdftex
)
Package xcolor Info: Model `cmy' substituted by `cmy0' on input line 1348.
Package xcolor Info: Model `hsb' substituted by `rgb' on input line 1352.
Package xcolor Info: Model `RGB' extended on input line 1364.
Package xcolor Info: Model `HTML' substituted by `rgb' on input line 1366.
Package xcolor Info: Model `Hsb' substituted by `hsb' on input line 1367.
Package xcolor Info: Model `tHsb' substituted by `hsb' on input line 1368.
Package xcolor Info: Model `HSB' substituted by `hsb' on input line 1369.
Package xcolor Info: Model `Gray' substituted by `gray' on input line 1370.
Package xcolor Info: Model `wave' substituted by `hsb' on input line 1371.
)
(c:/Users/nilsk/AppData/Roaming/TinyTeX/texmf-dist/tex/latex/hyperref/hyperref.
sty
Package: hyperref 2021-02-27 v7.00k Hypertext links for LaTeX

(c:/Users/nilsk/AppData/Roaming/TinyTeX/texmf-dist/tex/generic/ltxcmds/ltxcmds.
sty
Package: ltxcmds 2020-05-10 v1.25 LaTeX kernel commands for general use (HO)
)
(c:/Users/nilsk/AppData/Roaming/TinyTeX/texmf-dist/tex/generic/pdftexcmds/pdfte
xcmds.sty
Package: pdftexcmds 2020-06-27 v0.33 Utility functions of pdfTeX for LuaTeX (HO
)

(c:/Users/nilsk/AppData/Roaming/TinyTeX/texmf-dist/tex/generic/infwarerr/infwar
err.sty
Package: infwarerr 2019/12/03 v1.5 Providing info/warning/error messages (HO)
)
Package pdftexcmds Info: \pdf@primitive is available.
Package pdftexcmds Info: \pdf@ifprimitive is available.
Package pdftexcmds Info: \pdfdraftmode found.
)
(c:/Users/nilsk/AppData/Roaming/TinyTeX/texmf-dist/tex/latex/graphics/keyval.st
y
Package: keyval 2014/10/28 v1.15 key=value parser (DPC)
\KV@toks@=\toks23
)
(c:/Users/nilsk/AppData/Roaming/TinyTeX/texmf-dist/tex/generic/kvsetkeys/kvsetk
eys.sty
Package: kvsetkeys 2019/12/15 v1.18 Key value parser (HO)
)
(c:/Users/nilsk/AppData/Roaming/TinyTeX/texmf-dist/tex/generic/kvdefinekeys/kvd
efinekeys.sty
Package: kvdefinekeys 2019-12-19 v1.6 Define keys (HO)
)
(c:/Users/nilsk/AppData/Roaming/TinyTeX/texmf-dist/tex/generic/pdfescape/pdfesc
ape.sty
Package: pdfescape 2019/12/09 v1.15 Implements pdfTeX's escape features (HO)
)
(c:/Users/nilsk/AppData/Roaming/TinyTeX/texmf-dist/tex/latex/hycolor/hycolor.st
y
Package: hycolor 2020-01-27 v1.10 Color options for hyperref/bookmark (HO)
)
(c:/Users/nilsk/AppData/Roaming/TinyTeX/texmf-dist/tex/latex/letltxmacro/letltx
macro.sty
Package: letltxmacro 2019/12/03 v1.6 Let assignment for LaTeX macros (HO)
)
(c:/Users/nilsk/AppData/Roaming/TinyTeX/texmf-dist/tex/latex/auxhook/auxhook.st
y
Package: auxhook 2019-12-17 v1.6 Hooks for auxiliary files (HO)
)
(c:/Users/nilsk/AppData/Roaming/TinyTeX/texmf-dist/tex/latex/kvoptions/kvoption
s.sty
Package: kvoptions 2020-10-07 v3.14 Key value format for package options (HO)
)
\@linkdim=\dimen148
\Hy@linkcounter=\count268
\Hy@pagecounter=\count269

(c:/Users/nilsk/AppData/Roaming/TinyTeX/texmf-dist/tex/latex/hyperref/pd1enc.de
f
File: pd1enc.def 2021-02-27 v7.00k Hyperref: PDFDocEncoding definition (HO)
Now handling font encoding PD1 ...
... no UTF-8 mapping file for font encoding PD1
)
(c:/Users/nilsk/AppData/Roaming/TinyTeX/texmf-dist/tex/latex/hyperref/hyperref-
langpatches.def
File: hyperref-langpatches.def 2021-02-27 v7.00k Hyperref: patches for babel la
nguages
)
(c:/Users/nilsk/AppData/Roaming/TinyTeX/texmf-dist/tex/generic/intcalc/intcalc.
sty
Package: intcalc 2019/12/15 v1.3 Expandable calculations with integers (HO)
)
(c:/Users/nilsk/AppData/Roaming/TinyTeX/texmf-dist/tex/generic/etexcmds/etexcmd
s.sty
Package: etexcmds 2019/12/15 v1.7 Avoid name clashes with e-TeX commands (HO)
)
\Hy@SavedSpaceFactor=\count270

(c:/Users/nilsk/AppData/Roaming/TinyTeX/texmf-dist/tex/latex/hyperref/puenc.def
File: puenc.def 2021-02-27 v7.00k Hyperref: PDF Unicode definition (HO)
Now handling font encoding PU ...
... no UTF-8 mapping file for font encoding PU
)
Package hyperref Info: Option `unicode' set `true' on input line 4073.
Package hyperref Info: Hyper figures OFF on input line 4192.
Package hyperref Info: Link nesting OFF on input line 4197.
Package hyperref Info: Hyper index ON on input line 4200.
Package hyperref Info: Plain pages OFF on input line 4207.
Package hyperref Info: Backreferencing OFF on input line 4212.
Package hyperref Info: Implicit mode ON; LaTeX internals redefined.
Package hyperref Info: Bookmarks ON on input line 4445.
\c@Hy@tempcnt=\count271
(c:/Users/nilsk/AppData/Roaming/TinyTeX/texmf-dist/tex/latex/url/url.sty
\Urlmuskip=\muskip17
Package: url 2013/09/16  ver 3.4  Verb mode for urls, etc.
)
LaTeX Info: Redefining \url on input line 4804.
\XeTeXLinkMargin=\dimen149

(c:/Users/nilsk/AppData/Roaming/TinyTeX/texmf-dist/tex/generic/bitset/bitset.st
y
Package: bitset 2019/12/09 v1.3 Handle bit-vector datatype (HO)

(c:/Users/nilsk/AppData/Roaming/TinyTeX/texmf-dist/tex/generic/bigintcalc/bigin
tcalc.sty
Package: bigintcalc 2019/12/15 v1.5 Expandable calculations on big integers (HO
)
))
\Fld@menulength=\count272
\Field@Width=\dimen150
\Fld@charsize=\dimen151
Package hyperref Info: Hyper figures OFF on input line 6075.
Package hyperref Info: Link nesting OFF on input line 6080.
Package hyperref Info: Hyper index ON on input line 6083.
Package hyperref Info: backreferencing OFF on input line 6090.
Package hyperref Info: Link coloring OFF on input line 6095.
Package hyperref Info: Link coloring with OCG OFF on input line 6100.
Package hyperref Info: PDF/A mode OFF on input line 6105.
LaTeX Info: Redefining \ref on input line 6145.
LaTeX Info: Redefining \pageref on input line 6149.

(c:/Users/nilsk/AppData/Roaming/TinyTeX/texmf-dist/tex/latex/base/atbegshi-ltx.
sty
Package: atbegshi-ltx 2021/01/10 v1.0c Emulation of the original atbegshi
package with kernel methods
)
\Hy@abspage=\count273
\c@Item=\count274
\c@Hfootnote=\count275
)
Package hyperref Info: Driver (autodetected): hpdftex.

(c:/Users/nilsk/AppData/Roaming/TinyTeX/texmf-dist/tex/latex/hyperref/hpdftex.d
ef
File: hpdftex.def 2021-02-27 v7.00k Hyperref driver for pdfTeX

(c:/Users/nilsk/AppData/Roaming/TinyTeX/texmf-dist/tex/latex/base/atveryend-ltx
.sty
Package: atveryend-ltx 2020/08/19 v1.0a Emulation of the original atvery packag
e
with kernel methods
)
\Fld@listcount=\count276
\c@bookmark@seq@number=\count277

(c:/Users/nilsk/AppData/Roaming/TinyTeX/texmf-dist/tex/latex/rerunfilecheck/rer
unfilecheck.sty
Package: rerunfilecheck 2019/12/05 v1.9 Rerun checks for auxiliary files (HO)

(c:/Users/nilsk/AppData/Roaming/TinyTeX/texmf-dist/tex/generic/uniquecounter/un
iquecounter.sty
Package: uniquecounter 2019/12/15 v1.4 Provide unlimited unique counter (HO)
)
Package uniquecounter Info: New unique counter `rerunfilecheck' on input line 2
86.
)
\Hy@SectionHShift=\skip52
)
(c:/Users/nilsk/AppData/Roaming/TinyTeX/texmf-dist/tex/latex/geometry/geometry.
sty
Package: geometry 2020/01/02 v5.9 Page Geometry

(c:/Users/nilsk/AppData/Roaming/TinyTeX/texmf-dist/tex/generic/iftex/ifvtex.sty
Package: ifvtex 2019/10/25 v1.7 ifvtex legacy package. Use iftex instead.
)
\Gm@cnth=\count278
\Gm@cntv=\count279
\c@Gm@tempcnt=\count280
\Gm@bindingoffset=\dimen152
\Gm@wd@mp=\dimen153
\Gm@odd@mp=\dimen154
\Gm@even@mp=\dimen155
\Gm@layoutwidth=\dimen156
\Gm@layoutheight=\dimen157
\Gm@layouthoffset=\dimen158
\Gm@layoutvoffset=\dimen159
\Gm@dimlist=\toks24
)
(c:/Users/nilsk/AppData/Roaming/TinyTeX/texmf-dist/tex/latex/graphics/graphicx.
sty
Package: graphicx 2020/12/05 v1.2c Enhanced LaTeX Graphics (DPC,SPQR)

(c:/Users/nilsk/AppData/Roaming/TinyTeX/texmf-dist/tex/latex/graphics/graphics.
sty
Package: graphics 2021/03/04 v1.4d Standard LaTeX Graphics (DPC,SPQR)
(c:/Users/nilsk/AppData/Roaming/TinyTeX/texmf-dist/tex/latex/graphics/trig.sty
Package: trig 2016/01/03 v1.10 sin cos tan (DPC)
)
(c:/Users/nilsk/AppData/Roaming/TinyTeX/texmf-dist/tex/latex/graphics-cfg/graph
ics.cfg
File: graphics.cfg 2016/06/04 v1.11 sample graphics configuration
)
Package graphics Info: Driver file: pdftex.def on input line 107.
)
\Gin@req@height=\dimen160
\Gin@req@width=\dimen161
) (c:/Users/nilsk/AppData/Roaming/TinyTeX/texmf-dist/tex/latex/float/float.sty
Package: float 2001/11/08 v1.3d Float enhancements (AL)
\c@float@type=\count281
\float@exts=\toks25
\float@box=\box52
\@float@everytoks=\toks26
\@floatcapt=\box53
)
(c:/Users/nilsk/AppData/Roaming/TinyTeX/texmf-dist/tex/latex/sectsty/sectsty.st
y
Package: sectsty 2002/02/25 v2.0.2 Commands to change all sectional heading sty
les

LaTeX Warning: Command \underbar  has changed.
               Check if current package is valid.


LaTeX Warning: Command \underline  has changed.
               Check if current package is valid.

)
(c:/Users/nilsk/AppData/Roaming/TinyTeX/texmf-dist/tex/latex/paralist/paralist.
sty
Package: paralist 2017/01/22 v2.7 Extended list environments
\pltopsep=\skip53
\plpartopsep=\skip54
\plitemsep=\skip55
\plparsep=\skip56
\pl@lab=\toks27
)
(c:/Users/nilsk/AppData/Roaming/TinyTeX/texmf-dist/tex/latex/setspace/setspace.
sty
Package: setspace 2011/12/19 v6.7a set line spacing
)
(c:/Users/nilsk/AppData/Roaming/TinyTeX/texmf-dist/tex/latex/lastpage/lastpage.
sty
Package: lastpage 2015/03/29 v1.2m Refers to last page's name (HMM; JPG)
) (c:/Users/nilsk/AppData/Roaming/TinyTeX/texmf-dist/tex/latex/tools/dcolumn.st
y
Package: dcolumn 2014/10/28 v1.06 decimal alignment package (DPC)
(c:/Users/nilsk/AppData/Roaming/TinyTeX/texmf-dist/tex/latex/tools/array.sty
Package: array 2021/04/20 v2.5e Tabular extension package (FMi)
\col@sep=\dimen162
\ar@mcellbox=\box54
\extrarowheight=\dimen163
\NC@list=\toks28
\extratabsurround=\skip57
\backup@length=\skip58
\ar@cellbox=\box55
))
(c:/Users/nilsk/AppData/Roaming/TinyTeX/texmf-dist/tex/latex/tools/longtable.st
y
Package: longtable 2021-05-07 v4.16 Multi-page Table package (DPC)
\LTleft=\skip59
\LTright=\skip60
\LTpre=\skip61
\LTpost=\skip62
\LTchunksize=\count282
\LTcapwidth=\dimen164
\LT@head=\box56
\LT@firsthead=\box57
\LT@foot=\box58
\LT@lastfoot=\box59
\LT@gbox=\box60
\LT@cols=\count283
\LT@rows=\count284
\c@LT@tables=\count285
\c@LT@chunks=\count286
\LT@p@ftn=\toks29
)
(c:/Users/nilsk/AppData/Roaming/TinyTeX/texmf-dist/tex/latex/titling/titling.st
y
Package: titling 2009/09/04 v2.1d maketitle typesetting
\thanksmarkwidth=\skip63
\thanksmargin=\skip64
\droptitle=\skip65
)
(c:/Users/nilsk/AppData/Roaming/TinyTeX/texmf-dist/tex/latex/fancyhdr/fancyhdr.
sty
Package: fancyhdr 2021/01/28 v4.0.1 Extensive control of page headers and foote
rs
\f@nch@headwidth=\skip66
\f@nch@O@elh=\skip67
\f@nch@O@erh=\skip68
\f@nch@O@olh=\skip69
\f@nch@O@orh=\skip70
\f@nch@O@elf=\skip71
\f@nch@O@erf=\skip72
\f@nch@O@olf=\skip73
\f@nch@O@orf=\skip74
)
(c:/Users/nilsk/AppData/Roaming/TinyTeX/texmf-dist/tex/latex/pdflscape/pdflscap
e.sty
Package: pdflscape 2019/12/05 v0.12 Display of landscape pages in PDF (HO)

(c:/Users/nilsk/AppData/Roaming/TinyTeX/texmf-dist/tex/latex/graphics/lscape.st
y
Package: lscape 2020/05/28 v3.02 Landscape Pages (DPC)
)
Package pdflscape Info: Auto-detected driver: pdftex on input line 81.
)
(c:/Users/nilsk/AppData/Roaming/TinyTeX/texmf-dist/tex/latex/booktabs/booktabs.
sty
Package: booktabs 2020/01/12 v1.61803398 Publication quality tables
\heavyrulewidth=\dimen165
\lightrulewidth=\dimen166
\cmidrulewidth=\dimen167
\belowrulesep=\dimen168
\belowbottomsep=\dimen169
\aboverulesep=\dimen170
\abovetopsep=\dimen171
\cmidrulesep=\dimen172
\cmidrulekern=\dimen173
\defaultaddspace=\dimen174
\@cmidla=\count287
\@cmidlb=\count288
\@aboverulesep=\dimen175
\@belowrulesep=\dimen176
\@thisruleclass=\count289
\@lastruleclass=\count290
\@thisrulewidth=\dimen177
)
(c:/Users/nilsk/AppData/Roaming/TinyTeX/texmf-dist/tex/latex/multirow/multirow.
sty
Package: multirow 2021/03/15 v2.8 Span multiple rows of a table
\multirow@colwidth=\skip75
\multirow@cntb=\count291
\multirow@dima=\skip76
\bigstrutjot=\dimen178
)
(c:/Users/nilsk/AppData/Roaming/TinyTeX/texmf-dist/tex/latex/wrapfig/wrapfig.st
y
\wrapoverhang=\dimen179
\WF@size=\dimen180
\c@WF@wrappedlines=\count292
\WF@box=\box61
\WF@everypar=\toks30
Package: wrapfig 2003/01/31  v 3.6
)
(c:/Users/nilsk/AppData/Roaming/TinyTeX/texmf-dist/tex/latex/colortbl/colortbl.
sty
Package: colortbl 2020/01/04 v1.0e Color table columns (DPC)
\everycr=\toks31
\minrowclearance=\skip77
) (c:/Users/nilsk/AppData/Roaming/TinyTeX/texmf-dist/tex/latex/tabu/tabu.sty
Package: tabu 2019/01/11 v2.9 - flexible LaTeX tabulars (FC+tabu-fixed)

(c:/Users/nilsk/AppData/Roaming/TinyTeX/texmf-dist/tex/latex/varwidth/varwidth.
sty
Package: varwidth 2009/03/30 ver 0.92;  Variable-width minipages
\@vwid@box=\box62
\sift@deathcycles=\count293
\@vwid@loff=\dimen181
\@vwid@roff=\dimen182
)
\c@taburow=\count294
\tabu@nbcols=\count295
\tabu@cnt=\count296
\tabu@Xcol=\count297
\tabu@alloc=\count298
\tabu@nested=\count299
\tabu@target=\dimen183
\tabu@spreadtarget=\dimen184
\tabu@naturalX=\dimen185
\tabucolX=\dimen186
\tabu@Xsum=\dimen187
\extrarowdepth=\dimen188
\abovetabulinesep=\dimen189
\belowtabulinesep=\dimen190
\tabustrutrule=\dimen191
\tabu@thebody=\toks32
\tabu@footnotes=\toks33
\tabu@box=\box63
\tabu@arstrutbox=\box64
\tabu@hleads=\box65
\tabu@vleads=\box66
\tabu@cellskip=\skip78
)
(c:/Users/nilsk/AppData/Roaming/TinyTeX/texmf-dist/tex/latex/threeparttable/thr
eeparttable.sty
Package: threeparttable 2003/06/13  v 3.0
\@tempboxb=\box67
)
(c:/Users/nilsk/AppData/Roaming/TinyTeX/texmf-dist/tex/latex/threeparttablex/th
reeparttablex.sty
Package: threeparttablex 2013/07/23 v0.3 by daleif

(c:/Users/nilsk/AppData/Roaming/TinyTeX/texmf-dist/tex/latex/environ/environ.st
y
Package: environ 2014/05/04 v0.3 A new way to define environments

(c:/Users/nilsk/AppData/Roaming/TinyTeX/texmf-dist/tex/latex/trimspaces/trimspa
ces.sty
Package: trimspaces 2009/09/17 v1.1 Trim spaces around a token list
))
\TPTL@width=\skip79
) (c:/Users/nilsk/AppData/Roaming/TinyTeX/texmf-dist/tex/generic/ulem/ulem.sty
\UL@box=\box68
\UL@hyphenbox=\box69
\UL@skip=\skip80
\UL@hook=\toks34
\UL@height=\dimen192
\UL@pe=\count300
\UL@pixel=\dimen193
\ULC@box=\box70
Package: ulem 2019/11/18
\ULdepth=\dimen194
)
(c:/Users/nilsk/AppData/Roaming/TinyTeX/texmf-dist/tex/latex/makecell/makecell.
sty
Package: makecell 2009/08/03 V0.1e Managing of Tab Column Heads and Cells
\rotheadsize=\dimen195
\c@nlinenum=\count301
\TeXr@lab=\toks35
)
(c:/Users/nilsk/AppData/Roaming/TinyTeX/texmf-dist/tex/latex/tools/multicol.sty
Package: multicol 2019/12/09 v1.8y multicolumn formatting (FMi)
\c@tracingmulticols=\count302
\mult@box=\box71
\multicol@leftmargin=\dimen196
\c@unbalance=\count303
\c@collectmore=\count304
\doublecol@number=\count305
\multicoltolerance=\count306
\multicolpretolerance=\count307
\full@width=\dimen197
\page@free=\dimen198
\premulticols=\dimen199
\postmulticols=\dimen256
\multicolsep=\skip81
\multicolbaselineskip=\skip82
\partial@page=\box72
\last@line=\box73
\maxbalancingoverflow=\dimen257
\mult@rightbox=\box74
\mult@grightbox=\box75
\mult@gfirstbox=\box76
\mult@firstbox=\box77
\@tempa=\box78
\@tempa=\box79
\@tempa=\box80
\@tempa=\box81
\@tempa=\box82
\@tempa=\box83
\@tempa=\box84
\@tempa=\box85
\@tempa=\box86
\@tempa=\box87
\@tempa=\box88
\@tempa=\box89
\@tempa=\box90
\@tempa=\box91
\@tempa=\box92
\@tempa=\box93
\@tempa=\box94
\@tempa=\box95
\@tempa=\box96
\@tempa=\box97
\@tempa=\box98
\@tempa=\box99
\@tempa=\box100
\@tempa=\box101
\@tempa=\box102
\@tempa=\box103
\@tempa=\box104
\@tempa=\box105
\@tempa=\box106
\@tempa=\box107
\@tempa=\box108
\@tempa=\box109
\@tempa=\box110
\@tempa=\box111
\@tempa=\box112
\@tempa=\box113
\@tempa=\box114
\c@minrows=\count308
\c@columnbadness=\count309
\c@finalcolumnbadness=\count310
\last@try=\dimen258
\multicolovershoot=\dimen259
\multicolundershoot=\dimen260
\mult@nat@firstbox=\box115
\colbreak@box=\box116
\mc@col@check@num=\count311
) (c:/Users/nilsk/AppData/Roaming/TinyTeX/texmf-dist/tex/latex/tools/hhline.sty
Package: hhline 2020/01/04 v2.04 Table rule package (DPC)
)
\cslhangindent=\skip83
\csllabelwidth=\skip84
(c:/Users/nilsk/AppData/Roaming/TinyTeX/texmf-dist/tex/latex/tools/calc.sty
Package: calc 2017/05/25 v4.3 Infix arithmetic (KKT,FJ)
\calc@Acount=\count312
\calc@Bcount=\count313
\calc@Adimen=\dimen261
\calc@Bdimen=\dimen262
\calc@Askip=\skip85
\calc@Bskip=\skip86
LaTeX Info: Redefining \setlength on input line 80.
LaTeX Info: Redefining \addtolength on input line 81.
\calc@Ccount=\count314
\calc@Cskip=\skip87
)
(c:/Users/nilsk/AppData/Roaming/TinyTeX/texmf-dist/tex/latex/l3backend/l3backen
d-pdftex.def
File: l3backend-pdftex.def 2021-05-07 L3 backend support: PDF output (pdfTeX)
\l__color_backend_stack_int=\count315
\l__pdf_internal_box=\box117
) (./QP2_Front_Page.aux)
\openout1 = `QP2_Front_Page.aux'.

LaTeX Font Info:    Checking defaults for OML/cmm/m/it on input line 126.
LaTeX Font Info:    ... okay on input line 126.
LaTeX Font Info:    Checking defaults for OMS/cmsy/m/n on input line 126.
LaTeX Font Info:    ... okay on input line 126.
LaTeX Font Info:    Checking defaults for OT1/cmr/m/n on input line 126.
LaTeX Font Info:    ... okay on input line 126.
LaTeX Font Info:    Checking defaults for T1/cmr/m/n on input line 126.
LaTeX Font Info:    ... okay on input line 126.
LaTeX Font Info:    Checking defaults for TS1/cmr/m/n on input line 126.
LaTeX Font Info:    ... okay on input line 126.
LaTeX Font Info:    Checking defaults for OMX/cmex/m/n on input line 126.
LaTeX Font Info:    ... okay on input line 126.
LaTeX Font Info:    Checking defaults for U/cmr/m/n on input line 126.
LaTeX Font Info:    ... okay on input line 126.
LaTeX Font Info:    Checking defaults for PD1/pdf/m/n on input line 126.
LaTeX Font Info:    ... okay on input line 126.
LaTeX Font Info:    Checking defaults for PU/pdf/m/n on input line 126.
LaTeX Font Info:    ... okay on input line 126.

(c:/Users/nilsk/AppData/Roaming/TinyTeX/texmf-dist/tex/latex/epstopdf-pkg/epsto
pdf-base.sty
Package: epstopdf-base 2020-01-24 v2.11 Base part for package epstopdf
Package epstopdf-base Info: Redefining graphics rule for `.eps' on input line 4
85.

(c:/Users/nilsk/AppData/Roaming/TinyTeX/texmf-dist/tex/latex/latexconfig/epstop
df-sys.cfg
File: epstopdf-sys.cfg 2010/07/13 v1.3 Configuration of (r)epstopdf for TeX Liv
e
))
Package hyperref Info: Link coloring OFF on input line 126.

(c:/Users/nilsk/AppData/Roaming/TinyTeX/texmf-dist/tex/latex/hyperref/nameref.s
ty
Package: nameref 2021-04-02 v2.47 Cross-referencing by name of section

(c:/Users/nilsk/AppData/Roaming/TinyTeX/texmf-dist/tex/latex/refcount/refcount.
sty
Package: refcount 2019/12/15 v3.6 Data extraction from label references (HO)
)
(c:/Users/nilsk/AppData/Roaming/TinyTeX/texmf-dist/tex/generic/gettitlestring/g
ettitlestring.sty
Package: gettitlestring 2019/12/15 v1.6 Cleanup title references (HO)
)
\c@section@level=\count316
)
LaTeX Info: Redefining \ref on input line 126.
LaTeX Info: Redefining \pageref on input line 126.
LaTeX Info: Redefining \nameref on input line 126.
(./QP2_Front_Page.out) (./QP2_Front_Page.out)
\@outlinefile=\write3
\openout3 = `QP2_Front_Page.out'.

*geometry* driver: auto-detecting
*geometry* detected driver: pdftex
*geometry* verbose mode - [ preamble ] result:
* driver: pdftex
* paper: <default>
* layout: <same size as paper>
* layoutoffset:(h,v)=(0.0pt,0.0pt)
* modes: 
* h-part:(L,W,R)=(71.13188pt, 486.25761pt, 56.9055pt)
* v-part:(T,H,B)=(56.9055pt, 652.70622pt, 85.35826pt)
* \paperwidth=614.295pt
* \paperheight=794.96999pt
* \textwidth=486.25761pt
* \textheight=652.70622pt
* \oddsidemargin=-1.1381pt
* \evensidemargin=-1.1381pt
* \topmargin=-52.36449pt
* \headheight=40.45274pt
* \headsep=25.0pt
* \topskip=11.0pt
* \footskip=30.0pt
* \marginparwidth=59.0pt
* \marginparsep=10.0pt
* \columnsep=10.0pt
* \skip\footins=10.0pt plus 4.0pt minus 2.0pt
* \hoffset=0.0pt
* \voffset=0.0pt
* \mag=1000
* \@twocolumnfalse
* \@twosidefalse
* \@mparswitchfalse
* \@reversemarginfalse
* (1in=72.27pt=25.4mm, 1cm=28.453pt)

Package lastpage Info: Please have a look at the pageslts package at
(lastpage)             https://www.ctan.org/pkg/pageslts
(lastpage)             ! on input line 126.
<Partner_logos.png, id=213, 747.9945pt x 162.6075pt>
File: Partner_logos.png Graphic file (type png)
<use Partner_logos.png>
Package pdftex.def Info: Partner_logos.png  used on input line 138.
(pdftex.def)             Requested size: 486.27055pt x 105.71098pt.
<EU_logo.png, id=215, 190.46156pt x 46.67438pt>
File: EU_logo.png Graphic file (type png)
<use EU_logo.png>
Package pdftex.def Info: EU_logo.png  used on input line 157.
(pdftex.def)             Requested size: 190.46979pt x 46.67638pt.
[1

{c:/Users/nilsk/AppData/Roaming/TinyTeX/texmf-var/fonts/map/pdftex/updmap/pdfte
x.map} <./Partner_logos.png> <./EU_logo.png>]
Overfull \hbox (27.63237pt too wide) in alignment at lines 190--200
 [] [] 
 []


Overfull \hbox (27.63237pt too wide) in alignment at lines 200--206
 [] [] 
 []


Overfull \hbox (27.63237pt too wide) in alignment at lines 206--346
 [] [] 
 []

<Forest21logo.png, id=225, 282.45525pt x 59.62276pt>
File: Forest21logo.png Graphic file (type png)
<use Forest21logo.png>
Package pdftex.def Info: Forest21logo.png  used on input line 350.
(pdftex.def)             Requested size: 56.9038pt x 12.01167pt.
[1

 <./Forest21logo.png>]
Overfull \hbox (27.63237pt too wide) in alignment at lines 362--372
 [] [] 
 []


Overfull \hbox (27.63237pt too wide) in alignment at lines 372--378
 [] [] 
 []


Overfull \hbox (27.63237pt too wide) in alignment at lines 378--386
 [] [] 
 []

File: Forest21logo.png Graphic file (type png)
<use Forest21logo.png>
Package pdftex.def Info: Forest21logo.png  used on input line 388.
(pdftex.def)             Requested size: 56.9038pt x 12.01167pt.
[2

] (./QP2_Front_Page.toc
LaTeX Font Info:    Trying to load font information for OT1+lmr on input line 7
.
(c:/Users/nilsk/AppData/Roaming/TinyTeX/texmf-dist/tex/latex/lm/ot1lmr.fd
File: ot1lmr.fd 2015/05/01 v1.6.1 Font defs for Latin Modern
)
LaTeX Font Info:    Trying to load font information for OML+lmm on input line 7
.
(c:/Users/nilsk/AppData/Roaming/TinyTeX/texmf-dist/tex/latex/lm/omllmm.fd
File: omllmm.fd 2015/05/01 v1.6.1 Font defs for Latin Modern
)
LaTeX Font Info:    Trying to load font information for OMS+lmsy on input line 
7.
(c:/Users/nilsk/AppData/Roaming/TinyTeX/texmf-dist/tex/latex/lm/omslmsy.fd
File: omslmsy.fd 2015/05/01 v1.6.1 Font defs for Latin Modern
)
LaTeX Font Info:    Trying to load font information for OMX+lmex on input line 
7.
(c:/Users/nilsk/AppData/Roaming/TinyTeX/texmf-dist/tex/latex/lm/omxlmex.fd
File: omxlmex.fd 2015/05/01 v1.6.1 Font defs for Latin Modern
)
LaTeX Font Info:    External font `lmex10' loaded for size
(Font)              <10.95> on input line 7.
LaTeX Font Info:    External font `lmex10' loaded for size
(Font)              <8> on input line 7.
LaTeX Font Info:    External font `lmex10' loaded for size
(Font)              <6> on input line 7.
LaTeX Font Info:    Trying to load font information for U+msa on input line 7.
(c:/Users/nilsk/AppData/Roaming/TinyTeX/texmf-dist/tex/latex/amsfonts/umsa.fd
File: umsa.fd 2013/01/14 v3.01 AMS symbols A
)
LaTeX Font Info:    Trying to load font information for U+msb on input line 7.
(c:/Users/nilsk/AppData/Roaming/TinyTeX/texmf-dist/tex/latex/amsfonts/umsb.fd
File: umsb.fd 2013/01/14 v3.01 AMS symbols B
)
File: Forest21logo.png Graphic file (type png)
<use Forest21logo.png>
Package pdftex.def Info: Forest21logo.png  used on input line 52.
(pdftex.def)             Requested size: 56.9038pt x 12.01167pt.
[3

])
\tf@toc=\write4
\openout4 = `QP2_Front_Page.toc'.

File: Forest21logo.png Graphic file (type png)
<use Forest21logo.png>
Package pdftex.def Info: Forest21logo.png  used on input line 395.
(pdftex.def)             Requested size: 56.9038pt x 12.01167pt.
[4] (./QP2_Front_Page.lof)
\tf@lof=\write5
\openout5 = `QP2_Front_Page.lof'.

(./QP2_Front_Page.lot)
\tf@lot=\write6
\openout6 = `QP2_Front_Page.lot'.

File: Forest21logo.png Graphic file (type png)
<use Forest21logo.png>
Package pdftex.def Info: Forest21logo.png  used on input line 400.
(pdftex.def)             Requested size: 56.9038pt x 12.01167pt.
[5

]
File: Forest21logo.png Graphic file (type png)
<use Forest21logo.png>
Package pdftex.def Info: Forest21logo.png  used on input line 406.
(pdftex.def)             Requested size: 56.9038pt x 12.01167pt.
[6

]
File: Forest21logo.png Graphic file (type png)
<use Forest21logo.png>
Package pdftex.def Info: Forest21logo.png  used on input line 412.
(pdftex.def)             Requested size: 56.9038pt x 12.01167pt.
[7

]
File: Forest21logo.png Graphic file (type png)
<use Forest21logo.png>
Package pdftex.def Info: Forest21logo.png  used on input line 418.
(pdftex.def)             Requested size: 56.9038pt x 12.01167pt.
[8

]
LaTeX Font Info:    Trying to load font information for TS1+lmr on input line 4
74.
(c:/Users/nilsk/AppData/Roaming/TinyTeX/texmf-dist/tex/latex/lm/ts1lmr.fd
File: ts1lmr.fd 2015/05/01 v1.6.1 Font defs for Latin Modern
)
File: Forest21logo.png Graphic file (type png)
<use Forest21logo.png>
Package pdftex.def Info: Forest21logo.png  used on input line 509.
(pdftex.def)             Requested size: 56.9038pt x 12.01167pt.
pdfTeX warning (ext4): destination with the same identifier (name{page.1}) has 
been already used, duplicate ignored
<to be read again> 
                   \relax 
l.509   F
         oresters of 21st century, education shortcomings, and new teaching [1


]
File: Forest21logo.png Graphic file (type png)
<use Forest21logo.png>
Package pdftex.def Info: Forest21logo.png  used on input line 566.
(pdftex.def)             Requested size: 56.9038pt x 12.01167pt.
[2]
File: Forest21logo.png Graphic file (type png)
<use Forest21logo.png>
Package pdftex.def Info: Forest21logo.png  used on input line 651.
(pdftex.def)             Requested size: 56.9038pt x 12.01167pt.
[3]
Overfull \hbox (27.63237pt too wide) in alignment at lines 701--711
 [] [] 
 []


Overfull \hbox (27.63237pt too wide) in alignment at lines 711--717
 [] [] 
 []


Overfull \hbox (27.63237pt too wide) in alignment at lines 717--737
 [] [] 
 []

File: Forest21logo.png Graphic file (type png)
<use Forest21logo.png>
Package pdftex.def Info: Forest21logo.png  used on input line 737.
(pdftex.def)             Requested size: 56.9038pt x 12.01167pt.
[4]
Overfull \hbox (15.39467pt too wide) in alignment at lines 757--767
 [] [] [] [] 
 []


Overfull \hbox (15.39467pt too wide) in alignment at lines 767--773
 [] [] [] [] 
 []


Overfull \hbox (15.39467pt too wide) in alignment at lines 773--781
 [] [] [] [] 
 []


Overfull \hbox (15.39467pt too wide) in alignment at lines 798--808
 [] [] [] [] 
 []


Overfull \hbox (15.39467pt too wide) in alignment at lines 808--814
 [] [] [] [] 
 []


Overfull \hbox (15.39467pt too wide) in alignment at lines 814--822
 [] [] [] [] 
 []

File: Forest21logo.png Graphic file (type png)
<use Forest21logo.png>
Package pdftex.def Info: Forest21logo.png  used on input line 822.
(pdftex.def)             Requested size: 56.9038pt x 12.01167pt.
[5]
Overfull \hbox (15.39467pt too wide) in alignment at lines 839--849
 [] [] [] [] 
 []


Overfull \hbox (15.39467pt too wide) in alignment at lines 849--855
 [] [] [] [] 
 []


Overfull \hbox (15.39467pt too wide) in alignment at lines 855--863
 [] [] [] [] 
 []


Overfull \hbox (15.39467pt too wide) in alignment at lines 881--891
 [] [] [] [] 
 []


Overfull \hbox (15.39467pt too wide) in alignment at lines 891--897
 [] [] [] [] 
 []


Overfull \hbox (15.39467pt too wide) in alignment at lines 897--905
 [] [] [] [] 
 []

File: Forest21logo.png Graphic file (type png)
<use Forest21logo.png>
Package pdftex.def Info: Forest21logo.png  used on input line 905.
(pdftex.def)             Requested size: 56.9038pt x 12.01167pt.
[6]
Overfull \hbox (2.7248pt too wide) in alignment at lines 920--930
 [] [] [] 
 []


Overfull \hbox (2.7248pt too wide) in alignment at lines 930--936
 [] [] [] 
 []


Overfull \hbox (2.7248pt too wide) in alignment at lines 936--986
 [] [] [] 
 []

File: Forest21logo.png Graphic file (type png)
<use Forest21logo.png>
Package pdftex.def Info: Forest21logo.png  used on input line 986.
(pdftex.def)             Requested size: 56.9038pt x 12.01167pt.
[7]
Overfull \hbox (6.7248pt too wide) in alignment at lines 1000--1010
 [] [] [] [] 
 []


Overfull \hbox (6.7248pt too wide) in alignment at lines 1010--1016
 [] [] [] [] 
 []


Overfull \hbox (6.7248pt too wide) in alignment at lines 1016--1048
 [] [] [] [] 
 []

File: Forest21logo.png Graphic file (type png)
<use Forest21logo.png>
Package pdftex.def Info: Forest21logo.png  used on input line 1048.
(pdftex.def)             Requested size: 56.9038pt x 12.01167pt.
[8]
Overfull \hbox (27.63237pt too wide) in alignment at lines 1056--1066
 [] [] 
 []


Overfull \hbox (27.63237pt too wide) in alignment at lines 1066--1072
 [] [] 
 []


Overfull \hbox (27.63237pt too wide) in alignment at lines 1072--1092
 [] [] 
 []


Overfull \hbox (15.39467pt too wide) in alignment at lines 1100--1110
 [] [] [] [] 
 []


Overfull \hbox (15.39467pt too wide) in alignment at lines 1110--1116
 [] [] [] [] 
 []


Overfull \hbox (15.39467pt too wide) in alignment at lines 1116--1124
 [] [] [] [] 
 []


Overfull \hbox (27.63237pt too wide) in alignment at lines 1132--1142
 [] [] 
 []


Overfull \hbox (27.63237pt too wide) in alignment at lines 1142--1148
 [] [] 
 []


Overfull \hbox (27.63237pt too wide) in alignment at lines 1148--1198
 [] [] 
 []

File: Forest21logo.png Graphic file (type png)
<use Forest21logo.png>
Package pdftex.def Info: Forest21logo.png  used on input line 1198.
(pdftex.def)             Requested size: 56.9038pt x 12.01167pt.
[9]
Overfull \hbox (15.39467pt too wide) in alignment at lines 1206--1216
 [] [] [] [] 
 []


Overfull \hbox (15.39467pt too wide) in alignment at lines 1216--1222
 [] [] [] [] 
 []


Overfull \hbox (15.39467pt too wide) in alignment at lines 1222--1230
 [] [] [] [] 
 []

File: Forest21logo.png Graphic file (type png)
<use Forest21logo.png>
Package pdftex.def Info: Forest21logo.png  used on input line 1230.
(pdftex.def)             Requested size: 56.9038pt x 12.01167pt.
[10]
Overfull \hbox (27.63237pt too wide) in alignment at lines 1238--1248
 [] [] 
 []


Overfull \hbox (27.63237pt too wide) in alignment at lines 1248--1254
 [] [] 
 []


Overfull \hbox (27.63237pt too wide) in alignment at lines 1254--1280
 [] [] 
 []


Overfull \hbox (15.39467pt too wide) in alignment at lines 1288--1298
 [] [] [] [] 
 []


Overfull \hbox (15.39467pt too wide) in alignment at lines 1298--1304
 [] [] [] [] 
 []


Overfull \hbox (15.39467pt too wide) in alignment at lines 1304--1312
 [] [] [] [] 
 []

File: Forest21logo.png Graphic file (type png)
<use Forest21logo.png>
Package pdftex.def Info: Forest21logo.png  used on input line 1312.
(pdftex.def)             Requested size: 56.9038pt x 12.01167pt.
[11]
Overfull \hbox (27.63237pt too wide) in alignment at lines 1320--1330
 [] [] 
 []


Overfull \hbox (27.63237pt too wide) in alignment at lines 1330--1336
 [] [] 
 []


Overfull \hbox (27.63237pt too wide) in alignment at lines 1336--1374
 [] [] 
 []


Overfull \hbox (15.39467pt too wide) in alignment at lines 1382--1392
 [] [] [] [] 
 []


Overfull \hbox (15.39467pt too wide) in alignment at lines 1392--1398
 [] [] [] [] 
 []


Overfull \hbox (15.39467pt too wide) in alignment at lines 1398--1406
 [] [] [] [] 
 []

File: Forest21logo.png Graphic file (type png)
<use Forest21logo.png>
Package pdftex.def Info: Forest21logo.png  used on input line 1406.
(pdftex.def)             Requested size: 56.9038pt x 12.01167pt.
[12]
Overfull \hbox (27.63237pt too wide) in alignment at lines 1414--1424
 [] [] 
 []


Overfull \hbox (27.63237pt too wide) in alignment at lines 1424--1430
 [] [] 
 []


Overfull \hbox (27.63237pt too wide) in alignment at lines 1430--1456
 [] [] 
 []


Overfull \hbox (15.39467pt too wide) in alignment at lines 1464--1474
 [] [] [] [] 
 []


Overfull \hbox (15.39467pt too wide) in alignment at lines 1474--1480
 [] [] [] [] 
 []


Overfull \hbox (15.39467pt too wide) in alignment at lines 1480--1488
 [] [] [] [] 
 []

File: Forest21logo.png Graphic file (type png)
<use Forest21logo.png>
Package pdftex.def Info: Forest21logo.png  used on input line 1505.
(pdftex.def)             Requested size: 56.9038pt x 12.01167pt.
[13]
File: Forest21logo.png Graphic file (type png)
<use Forest21logo.png>
Package pdftex.def Info: Forest21logo.png  used on input line 1590.
(pdftex.def)             Requested size: 56.9038pt x 12.01167pt.
[14]
File: Forest21logo.png Graphic file (type png)
<use Forest21logo.png>
Package pdftex.def Info: Forest21logo.png  used on input line 1714.
(pdftex.def)             Requested size: 56.9038pt x 12.01167pt.
[15

]
File: Forest21logo.png Graphic file (type png)
<use Forest21logo.png>
Package pdftex.def Info: Forest21logo.png  used on input line 1854.
(pdftex.def)             Requested size: 56.9038pt x 12.01167pt.
[16



]
File: Forest21logo.png Graphic file (type png)
<use Forest21logo.png>
Package pdftex.def Info: Forest21logo.png  used on input line 1970.
(pdftex.def)             Requested size: 56.9038pt x 12.01167pt.
[17



]
File: Forest21logo.png Graphic file (type png)
<use Forest21logo.png>
Package pdftex.def Info: Forest21logo.png  used on input line 2053.
(pdftex.def)             Requested size: 56.9038pt x 12.01167pt.
[18


]
File: Forest21logo.png Graphic file (type png)
<use Forest21logo.png>
Package pdftex.def Info: Forest21logo.png  used on input line 2137.
(pdftex.def)             Requested size: 56.9038pt x 12.01167pt.
[19

]
File: Forest21logo.png Graphic file (type png)
<use Forest21logo.png>
Package pdftex.def Info: Forest21logo.png  used on input line 2208.
(pdftex.def)             Requested size: 56.9038pt x 12.01167pt.
[20]
File: Forest21logo.png Graphic file (type png)
<use Forest21logo.png>
Package pdftex.def Info: Forest21logo.png  used on input line 2220.
(pdftex.def)             Requested size: 56.9038pt x 12.01167pt.
[21]
File: Forest21logo.png Graphic file (type png)
<use Forest21logo.png>
Package pdftex.def Info: Forest21logo.png  used on input line 2225.
(pdftex.def)             Requested size: 56.9038pt x 12.01167pt.
[22

]
File: Forest21logo.png Graphic file (type png)
<use Forest21logo.png>
Package pdftex.def Info: Forest21logo.png  used on input line 2250.
(pdftex.def)             Requested size: 56.9038pt x 12.01167pt.
[23

]
File: Forest21logo.png Graphic file (type png)
<use Forest21logo.png>
Package pdftex.def Info: Forest21logo.png  used on input line 2255.
(pdftex.def)             Requested size: 56.9038pt x 12.01167pt.
[24

]
Overfull \hbox (7.26994pt too wide) in alignment at lines 2263--2273
 [] [] [] [] [] [] 
 []


Overfull \hbox (7.26994pt too wide) in alignment at lines 2273--2279
 [] [] [] [] [] [] 
 []


Overfull \hbox (7.26994pt too wide) in alignment at lines 2279--2323
 [] [] [] [] [] [] 
 []

File: Forest21logo.png Graphic file (type png)
<use Forest21logo.png>
Package pdftex.def Info: Forest21logo.png  used on input line 2325.
(pdftex.def)             Requested size: 56.9038pt x 12.01167pt.
[25

]
LaTeX Font Info:    Trying to load font information for T1+lmtt on input line 2
333.
(c:/Users/nilsk/AppData/Roaming/TinyTeX/texmf-dist/tex/latex/lm/t1lmtt.fd
File: t1lmtt.fd 2015/05/01 v1.6.1 Font defs for Latin Modern
)
File: Forest21logo.png Graphic file (type png)
<use Forest21logo.png>
Package pdftex.def Info: Forest21logo.png  used on input line 2406.
(pdftex.def)             Requested size: 56.9038pt x 12.01167pt.
[26


] 
AED: lastpage setting LastPage
File: Forest21logo.png Graphic file (type png)
<use Forest21logo.png>
Package pdftex.def Info: Forest21logo.png  used on input line 2408.
(pdftex.def)             Requested size: 56.9038pt x 12.01167pt.
[27] (./QP2_Front_Page.aux)
Package rerunfilecheck Info: File `QP2_Front_Page.out' has not changed.
(rerunfilecheck)             Checksum: 814571B326C67C7BF4789C7967B8F179;9106.
 )
(\end occurred inside a group at level 1)

### semi simple group (level 1) entered at line 65 (\begingroup)
### bottom level 
Here is how much of TeX's memory you used:
 12772 strings out of 480517
 189919 string characters out of 5898591
 606896 words of memory out of 5000000
 29965 multiletter control sequences out of 15000+600000
 461231 words of font info for 61 fonts, out of 8000000 for 9000
 14 hyphenation exceptions out of 8191
 60i,16n,66p,3119b,3025s stack positions out of 5000i,500n,10000p,200000b,80000s
{c:/Users/nilsk/AppData/Roaming/TinyTeX/texmf-dist/fonts/enc/dv
ips/lm/lm-ec.enc}{c:/Users/nilsk/AppData/Roaming/TinyTeX/texmf-dist/fonts/enc/d
vips/lm/lm-ts1.enc}<c:/Users/nilsk/AppData/Roaming/TinyTeX/texmf-dist/fonts/typ
e1/public/lm/lmbx10.pfb><c:/Users/nilsk/AppData/Roaming/TinyTeX/texmf-dist/font
s/type1/public/lm/lmbx12.pfb><c:/Users/nilsk/AppData/Roaming/TinyTeX/texmf-dist
/fonts/type1/public/lm/lmbx5.pfb><c:/Users/nilsk/AppData/Roaming/TinyTeX/texmf-
dist/fonts/type1/public/lm/lmbx6.pfb><c:/Users/nilsk/AppData/Roaming/TinyTeX/te
xmf-dist/fonts/type1/public/lm/lmbxi10.pfb><c:/Users/nilsk/AppData/Roaming/Tiny
TeX/texmf-dist/fonts/type1/public/lm/lmr10.pfb><c:/Users/nilsk/AppData/Roaming/
TinyTeX/texmf-dist/fonts/type1/public/lm/lmr12.pfb><c:/Users/nilsk/AppData/Roam
ing/TinyTeX/texmf-dist/fonts/type1/public/lm/lmr5.pfb><c:/Users/nilsk/AppData/R
oaming/TinyTeX/texmf-dist/fonts/type1/public/lm/lmr6.pfb><c:/Users/nilsk/AppDat
a/Roaming/TinyTeX/texmf-dist/fonts/type1/public/lm/lmri10.pfb><c:/Users/nilsk/A
ppData/Roaming/TinyTeX/texmf-dist/fonts/type1/public/lm/lmtt10.pfb>
Output written on QP2_Front_Page.pdf (36 pages, 540006 bytes).
PDF statistics:
 673 PDF objects out of 1000 (max. 8388607)
 600 compressed objects within 6 object streams
 204 named destinations out of 1000 (max. 500000)
 432 words of extra memory for PDF output out of 10000 (max. 10000000)

